<?xml version="1.0" encoding="UTF-8"?>
<!-- Generated by org.testng.reporters.JUnitReportReporter -->
<testsuite hostname="CPC-debas-HPLU6" failures="0" tests="2" name="com.bookcart.tests.HomePageTest" time="8.986" errors="0" timestamp="2024-07-22T11:30:14 IST" skipped="0">
  <testcase classname="com.bookcart.tests.HomePageTest" name="isBookCartIconAvailableTest" time="4.505"/>
  <system-out/>
  <testcase classname="com.bookcart.tests.HomePageTest" name="getPageTitleTest" time="4.481"/>
  <system-out/>
</testsuite> <!-- com.bookcart.tests.HomePageTest -->
